<?xml version="1.0" encoding="UTF-8"?>
<!-- Generated by org.testng.reporters.JUnitReportReporter -->
<testsuite skipped="0" hostname="BReddy-PC" name="com.selenium.testscripts.NewTest" tests="1" failures="0" timestamp="2018-12-13T18:52:30 IST" time="0.319" errors="0">
  <testcase name="f" time="0.319" classname="com.selenium.testscripts.NewTest"/>
</testsuite> <!-- com.selenium.testscripts.NewTest -->
